2025-08-21 17:09:13,289 - ranking_service_core_config - INFO - Using credentials from base64 encoded string
2025-08-21 17:09:13,289 - ranking_service_core_config - INFO - Credentials appear valid
2025-08-21 17:11:41,727 - ranking_service_core_config - INFO - Using credentials from base64 encoded string
2025-08-21 17:11:41,728 - ranking_service_core_config - INFO - Credentials appear valid
2025-08-21 17:14:23,524 - ranking_service_core_config - INFO - Using credentials from base64 encoded string
2025-08-21 17:14:23,525 - ranking_service_core_config - INFO - Credentials appear valid
2025-08-21 17:16:10,063 - ranking_service_core_config - INFO - Using credentials from base64 encoded string
2025-08-21 17:16:10,063 - ranking_service_core_config - INFO - Credentials appear valid
2025-08-21 17:16:10,069 - ranking_service_core_config - INFO - Using credentials from base64 encoded string
2025-08-21 17:16:10,076 - ranking_service_core_config - INFO - Credentials appear valid
2025-08-21 17:16:10,079 - ranking_service_core_config - INFO - Using credentials from base64 encoded string
2025-08-21 17:16:10,083 - ranking_service_core_config - INFO - Credentials appear valid
2025-08-21 17:16:10,592 - ranking_service_core_config - ERROR - API connection test failed: 404
2025-08-21 19:51:26,060 - ranking_service_core_config - INFO - Using credentials from Django settings
2025-08-21 19:51:26,068 - ranking_service_core_config - INFO - Credentials appear valid
2025-08-21 19:51:26,119 - ranking_service_core_config - INFO - Using credentials from Django settings
2025-08-21 19:51:26,126 - ranking_service_core_config - INFO - Credentials appear valid
2025-08-21 19:51:26,132 - ranking_service_core_config - INFO - Using credentials from Django settings
2025-08-21 19:51:26,132 - ranking_service_core_config - INFO - Credentials appear valid
2025-08-21 19:51:26,852 - ranking_service_core_config - ERROR - API connection test failed: 404
2025-08-21 19:57:47,573 - ranking_service_core_config - INFO - Using credentials from Django settings
2025-08-21 19:57:47,573 - ranking_service_core_config - INFO - Credentials appear valid
2025-08-21 19:57:47,629 - ranking_service_core_config - INFO - Using credentials from Django settings
2025-08-21 19:57:47,629 - ranking_service_core_config - INFO - Credentials appear valid
2025-08-21 19:57:48,493 - ranking_service_core_config - ERROR - API connection test failed: 404
2025-08-21 21:54:20,120 - ranking_service_core_config - INFO - Using credentials from Django settings
2025-08-21 21:54:20,120 - ranking_service_core_config - INFO - Credentials appear valid
2025-08-21 21:54:20,120 - ranking_service_core_config - INFO - Using credentials from Django settings
2025-08-21 21:54:20,120 - ranking_service_core_config - INFO - Credentials appear valid
2025-08-21 21:54:20,120 - ranking_service_core_config - INFO - Testing endpoint: https://api.dataforseo.com/v3/user
2025-08-21 21:54:20,575 - ranking_service_core_config - INFO - Status code: 404
2025-08-21 21:54:20,575 - ranking_service_core_config - ERROR - Response text: {
    "version": "0.1.20250812",
    "status_code": 40400,
    "status_message": "Not Found.",
    "time": "0 sec.",
    "cost": 0,
    "tasks_count": 0,
    "tasks_error": 0,
    "tasks": null
}
2025-08-21 21:54:20,575 - ranking_service_core_config - INFO - Testing endpoint: https://api.dataforseo.com/v3/serp/google/organic/live/advanced
2025-08-21 21:54:20,693 - ranking_service_core_config - INFO - Status code: 404
2025-08-21 21:54:20,696 - ranking_service_core_config - ERROR - Response text: {
    "version": "0.1.20250812",
    "status_code": 40400,
    "status_message": "Not Found.",
    "time": "0 sec.",
    "cost": 0,
    "tasks_count": 0,
    "tasks_error": 0,
    "tasks": null
}
2025-08-21 21:54:20,696 - ranking_service_core_config - INFO - API connection test successful
2025-08-21 21:57:46,100 - ranking_service_core_config - INFO - Using credentials from Django settings
2025-08-21 21:57:46,100 - ranking_service_core_config - INFO - Credentials appear valid
2025-08-21 22:03:07,590 - ranking_service_core_config - INFO - Using credentials from Django settings
2025-08-21 22:03:07,594 - ranking_service_core_config - INFO - Credentials appear valid
